<?xml version="1.0" encoding="UTF-8"?>
<!-- Generated by org.testng.reporters.JUnitReportReporter -->
<testsuite hostname="DESKTOP-QUK0TPO" failures="0" tests="1" name="com.rmgyantra.EmployeeSerialization" time="0.221" errors="0" timestamp="2023-02-17T11:11:21 IST" skipped="0">
  <testcase classname="com.rmgyantra.EmployeeSerialization" name="employSeri" time="0.221"/>
  <system-out/>
</testsuite> <!-- com.rmgyantra.EmployeeSerialization -->
