<?xml version="1.0" encoding="UTF-8"?>
<!-- Generated by org.testng.reporters.JUnitReportReporter -->
<testsuite hostname="DESKTOP-QUK0TPO" failures="0" tests="1" name="crudWithOutBdd.UpdateProject" time="2.091" errors="0" timestamp="2023-02-17T16:50:15 IST" skipped="0">
  <testcase classname="crudWithOutBdd.UpdateProject" name="updatep" time="2.091"/>
  <system-out/>
</testsuite> <!-- crudWithOutBdd.UpdateProject -->
