<?xml version="1.0" encoding="UTF-8"?>
<!-- Generated by org.testng.reporters.JUnitReportReporter -->
<testsuite hostname="DESKTOP-QUK0TPO" failures="0" tests="1" name="com.rmgyantra.EmployeeDesialization" time="0.227" errors="0" timestamp="2023-02-17T11:47:01 IST" skipped="0">
  <testcase classname="com.rmgyantra.EmployeeDesialization" name="employSeri" time="0.227"/>
  <system-out/>
</testsuite> <!-- com.rmgyantra.EmployeeDesialization -->
