<?xml version="1.0" encoding="UTF-8"?>
<!-- Generated by org.testng.reporters.JUnitReportReporter -->
<testsuite hostname="DESKTOP-QUK0TPO" failures="0" tests="1" name="crudWithOutBdd.GetSpecify" time="1.794" errors="0" timestamp="2023-02-17T16:53:39 IST" skipped="0">
  <testcase classname="crudWithOutBdd.GetSpecify" name="getAllProj" time="1.794"/>
  <system-out/>
</testsuite> <!-- crudWithOutBdd.GetSpecify -->
