<?xml version="1.0" encoding="UTF-8"?>
<!-- Generated by org.testng.reporters.JUnitReportReporter -->
<testsuite hostname="DESKTOP-QUK0TPO" failures="0" tests="1" name="crudWithOutBdd.CreateProject" time="2.026" errors="0" timestamp="2023-02-17T16:27:44 IST" skipped="0">
  <testcase classname="crudWithOutBdd.CreateProject" name="getAllProj" time="2.026"/>
  <system-out/>
</testsuite> <!-- crudWithOutBdd.CreateProject -->
