<?xml version="1.0" encoding="UTF-8"?>
<!-- Generated by org.testng.reporters.JUnitReportReporter -->
<testsuite hostname="DESKTOP-QUK0TPO" failures="0" tests="1" name="crudWithOutBdd.DeleteProject" time="1.779" errors="0" timestamp="2023-02-17T16:56:17 IST" skipped="0">
  <testcase classname="crudWithOutBdd.DeleteProject" name="deletepro" time="1.779"/>
  <system-out/>
</testsuite> <!-- crudWithOutBdd.DeleteProject -->
