<?xml version="1.0" encoding="UTF-8"?>
<!-- Generated by org.testng.reporters.JUnitReportReporter -->
<testsuite hostname="DESKTOP-QUK0TPO" failures="0" tests="1" name="crudWithOutBdd.GetAllProjects" time="2.906" errors="0" timestamp="2023-02-17T16:34:33 IST" skipped="0">
  <testcase classname="crudWithOutBdd.GetAllProjects" name="getAllProj" time="2.906"/>
  <system-out/>
</testsuite> <!-- crudWithOutBdd.GetAllProjects -->
