<?xml version="1.0" encoding="UTF-8"?>
<!-- Generated by org.testng.reporters.JUnitReportReporter -->
<testsuite hostname="DESKTOP-QUK0TPO" failures="0" tests="1" name="serializationandDeserialization.EmployeeObjectDeserialization" time="0.203" errors="0" timestamp="2023-02-17T13:13:10 IST" skipped="0">
  <testcase classname="serializationandDeserialization.EmployeeObjectDeserialization" name="empDeserObj" time="0.203"/>
  <system-out/>
</testsuite> <!-- serializationandDeserialization.EmployeeObjectDeserialization -->
