<?xml version="1.0" encoding="UTF-8"?>
<!-- Generated by org.testng.reporters.JUnitReportReporter -->
<testsuite hostname="DESKTOP-QUK0TPO" failures="0" tests="1" name="serializationandDeserialization.EmployeeObjectSerialization" time="0.187" errors="0" timestamp="2023-02-17T14:20:12 IST" skipped="0">
  <testcase classname="serializationandDeserialization.EmployeeObjectSerialization" name="emplSerWithObject" time="0.187"/>
  <system-out/>
</testsuite> <!-- serializationandDeserialization.EmployeeObjectSerialization -->
