<?xml version="1.0" encoding="UTF-8"?>
<!-- Generated by org.testng.reporters.JUnitReportReporter -->
<testsuite hostname="DESKTOP-QUK0TPO" failures="0" tests="1" name="serializationandDeserialization.EmployeeArraySerialization" time="0.156" errors="0" timestamp="2023-02-17T14:19:10 IST" skipped="0">
  <testcase classname="serializationandDeserialization.EmployeeArraySerialization" name="employSeri" time="0.156"/>
  <system-out/>
</testsuite> <!-- serializationandDeserialization.EmployeeArraySerialization -->
